[NX Daemon Server] - 2024-10-27T14:50:13.393Z - Started listening on: /var/folders/yt/2j31dg_948n20jt_gkpmt2v40000gn/T/cda38033760b46abcac9/d.sock
[NX Daemon Server] - 2024-10-27T14:50:13.395Z - [WATCHER]: Subscribed to changes within: /Users/elias/Desktop/development/lamentis-frontend (native)
[NX Daemon Server] - 2024-10-27T14:50:13.398Z - Established a connection. Number of open connections: 1
[NX Daemon Server] - 2024-10-27T14:50:13.399Z - Established a connection. Number of open connections: 2
[NX Daemon Server] - 2024-10-27T14:50:13.400Z - Closed a connection. Number of open connections: 1
[NX Daemon Server] - 2024-10-27T14:50:13.400Z - [REQUEST]: Client Request for Project Graph Received
[NX Daemon Server] - 2024-10-27T14:50:13.455Z - [WATCHER]: Processing file changes in outputs
[NX Daemon Server] - 2024-10-27T14:50:13.534Z - [REQUEST]: Updated workspace context based on watched changes, recomputing project graph...
[NX Daemon Server] - 2024-10-27T14:50:13.534Z - [REQUEST]: 
[NX Daemon Server] - 2024-10-27T14:50:13.534Z - [REQUEST]: 
[NX Daemon Server] - 2024-10-27T14:50:13.537Z - Time taken for 'loadNxPlugins' 132.030958ms
[NX Daemon Server] - 2024-10-27T14:50:13.559Z - Time taken for 'build-project-configs' 3.7053750000000036ms
[NX Daemon Server] - 2024-10-27T14:50:13.561Z - [SYNC]: collect registered sync generators
[NX Daemon Server] - 2024-10-27T14:50:13.561Z - [REQUEST]: Responding to the client. project-graph
[NX Daemon Server] - 2024-10-27T14:50:13.561Z - Done responding to the client project-graph
[NX Daemon Server] - 2024-10-27T14:50:13.561Z - Handled REQUEST_PROJECT_GRAPH. Handling time: 161. Response time: 0.
[NX Daemon Server] - 2024-10-27T14:50:13.561Z - Time taken for 'total for creating and serializing project graph' 160.5795ms
[NX Daemon Server] - 2024-10-27T14:50:13.968Z - Closed a connection. Number of open connections: 0
[NX Daemon Server] - 2024-10-27T14:50:14.019Z - [WATCHER]: nx.json was modified
[NX Daemon Server] - 2024-10-27T14:50:14.019Z - [WATCHER]: Processing file changes in outputs
[NX Daemon Server] - 2024-10-27T14:50:14.121Z - [REQUEST]: Updated workspace context based on watched changes, recomputing project graph...
[NX Daemon Server] - 2024-10-27T14:50:14.121Z - [REQUEST]: nx.json
[NX Daemon Server] - 2024-10-27T14:50:14.121Z - [REQUEST]: 
[NX Daemon Server] - 2024-10-27T14:50:14.122Z - Time taken for 'hash changed files from watcher' 0.0784160000000611ms
[NX Daemon Server] - 2024-10-27T14:50:14.125Z - Time taken for 'build-project-configs' 1.488083999999958ms
[NX Daemon Server] - 2024-10-27T14:50:14.126Z - [SYNC]: collect registered sync generators
[NX Daemon Server] - 2024-10-27T14:50:14.126Z - [SYNC]: project graph hash is the same, not collecting task sync generators
[NX Daemon Server] - 2024-10-27T14:50:14.127Z - [SYNC]: nx.json hash is the same, not collecting global sync generators
[NX Daemon Server] - 2024-10-27T14:50:14.127Z - Time taken for 'total execution time for createProjectGraph()' 2.1188750000000027ms
[NX Daemon Server] - 2024-10-27T14:50:18.057Z - [WATCHER]: nx.json was modified
[NX Daemon Server] - 2024-10-27T14:50:18.057Z - [WATCHER]: Processing file changes in outputs
[NX Daemon Server] - 2024-10-27T14:50:18.262Z - [REQUEST]: Updated workspace context based on watched changes, recomputing project graph...
[NX Daemon Server] - 2024-10-27T14:50:18.263Z - [REQUEST]: nx.json
[NX Daemon Server] - 2024-10-27T14:50:18.263Z - [REQUEST]: 
[NX Daemon Server] - 2024-10-27T14:50:18.264Z - Time taken for 'hash changed files from watcher' 0.17629200000010314ms
[NX Daemon Server] - 2024-10-27T14:50:18.266Z - Time taken for 'build-project-configs' 1.1939999999995052ms
[NX Daemon Server] - 2024-10-27T14:50:18.269Z - [SYNC]: collect registered sync generators
[NX Daemon Server] - 2024-10-27T14:50:18.269Z - [SYNC]: project graph hash is the same, not collecting task sync generators
[NX Daemon Server] - 2024-10-27T14:50:18.269Z - [SYNC]: nx.json hash is the same, not collecting global sync generators
[NX Daemon Server] - 2024-10-27T14:50:18.269Z - Time taken for 'total execution time for createProjectGraph()' 2.5194170000004306ms
[NX Daemon Server] - 2024-10-27T14:50:19.180Z - [WATCHER]: nx.json was modified
[NX Daemon Server] - 2024-10-27T14:50:19.180Z - [WATCHER]: Processing file changes in outputs
[NX Daemon Server] - 2024-10-27T14:50:19.581Z - [REQUEST]: Updated workspace context based on watched changes, recomputing project graph...
[NX Daemon Server] - 2024-10-27T14:50:19.581Z - [REQUEST]: nx.json
[NX Daemon Server] - 2024-10-27T14:50:19.581Z - [REQUEST]: 
[NX Daemon Server] - 2024-10-27T14:50:19.583Z - Time taken for 'hash changed files from watcher' 0.1558340000001408ms
[NX Daemon Server] - 2024-10-27T14:50:19.586Z - Time taken for 'build-project-configs' 2.1209590000007665ms
[NX Daemon Server] - 2024-10-27T14:50:19.588Z - [SYNC]: collect registered sync generators
[NX Daemon Server] - 2024-10-27T14:50:19.588Z - [SYNC]: project graph hash is the same, not collecting task sync generators
[NX Daemon Server] - 2024-10-27T14:50:19.589Z - [SYNC]: nx.json hash is the same, not collecting global sync generators
[NX Daemon Server] - 2024-10-27T14:50:19.589Z - Time taken for 'total execution time for createProjectGraph()' 2.6813750000001164ms
[NX Daemon Server] - 2024-10-27T14:50:21.566Z - [WATCHER]: nx.json was modified
[NX Daemon Server] - 2024-10-27T14:50:21.567Z - [WATCHER]: Processing file changes in outputs
[NX Daemon Server] - 2024-10-27T14:50:21.935Z - [WATCHER]: nx.json was modified
[NX Daemon Server] - 2024-10-27T14:50:21.936Z - [WATCHER]: Processing file changes in outputs
[NX Daemon Server] - 2024-10-27T14:50:22.112Z - [WATCHER]: nx.json was modified
[NX Daemon Server] - 2024-10-27T14:50:22.113Z - [WATCHER]: Processing file changes in outputs
[NX Daemon Server] - 2024-10-27T14:50:22.294Z - [WATCHER]: nx.json was modified
[NX Daemon Server] - 2024-10-27T14:50:22.294Z - [WATCHER]: Processing file changes in outputs
[NX Daemon Server] - 2024-10-27T14:50:22.368Z - [REQUEST]: Updated workspace context based on watched changes, recomputing project graph...
[NX Daemon Server] - 2024-10-27T14:50:22.369Z - [REQUEST]: nx.json
[NX Daemon Server] - 2024-10-27T14:50:22.369Z - [REQUEST]: 
[NX Daemon Server] - 2024-10-27T14:50:22.371Z - Time taken for 'hash changed files from watcher' 0.2389579999999114ms
[NX Daemon Server] - 2024-10-27T14:50:22.373Z - Time taken for 'build-project-configs' 2.3810410000005504ms
[NX Daemon Server] - 2024-10-27T14:50:22.376Z - [SYNC]: collect registered sync generators
[NX Daemon Server] - 2024-10-27T14:50:22.376Z - [SYNC]: project graph hash is the same, not collecting task sync generators
[NX Daemon Server] - 2024-10-27T14:50:22.376Z - [SYNC]: nx.json hash is the same, not collecting global sync generators
[NX Daemon Server] - 2024-10-27T14:50:22.376Z - Time taken for 'total execution time for createProjectGraph()' 1.9594170000000304ms
[NX Daemon Server] - 2024-10-27T14:50:22.450Z - [WATCHER]: nx.json was modified
[NX Daemon Server] - 2024-10-27T14:50:22.451Z - [WATCHER]: Processing file changes in outputs
[NX Daemon Server] - 2024-10-27T14:50:24.054Z - [REQUEST]: Updated workspace context based on watched changes, recomputing project graph...
[NX Daemon Server] - 2024-10-27T14:50:24.055Z - [REQUEST]: nx.json
[NX Daemon Server] - 2024-10-27T14:50:24.055Z - [REQUEST]: 
[NX Daemon Server] - 2024-10-27T14:50:24.056Z - Time taken for 'hash changed files from watcher' 0.21125000000029104ms
[NX Daemon Server] - 2024-10-27T14:50:24.057Z - Time taken for 'build-project-configs' 1.4876249999997526ms
[NX Daemon Server] - 2024-10-27T14:50:24.059Z - [SYNC]: collect registered sync generators
[NX Daemon Server] - 2024-10-27T14:50:24.059Z - [SYNC]: project graph hash is the same, not collecting task sync generators
[NX Daemon Server] - 2024-10-27T14:50:24.059Z - [SYNC]: nx.json hash is the same, not collecting global sync generators
[NX Daemon Server] - 2024-10-27T14:50:24.059Z - Time taken for 'total execution time for createProjectGraph()' 1.0794999999998254ms
[NX Daemon Server] - 2024-10-27T14:50:25.775Z - Established a connection. Number of open connections: 1
[NX Daemon Server] - 2024-10-27T14:50:25.775Z - Closed a connection. Number of open connections: 0
[NX Daemon Server] - 2024-10-27T14:50:25.776Z - Established a connection. Number of open connections: 1
[NX Daemon Server] - 2024-10-27T14:50:25.777Z - [REQUEST]: Client Request for Project Graph Received
[NX Daemon Server] - 2024-10-27T14:50:25.777Z - [REQUEST]: Responding to the client. project-graph
[NX Daemon Server] - 2024-10-27T14:50:25.777Z - Done responding to the client project-graph
[NX Daemon Server] - 2024-10-27T14:50:25.777Z - Handled REQUEST_PROJECT_GRAPH. Handling time: 0. Response time: 0.
[NX Daemon Server] - 2024-10-27T14:50:25.777Z - Time taken for 'total for creating and serializing project graph' 0.12595800000053714ms
[NX Daemon Server] - 2024-10-27T14:50:26.204Z - Closed a connection. Number of open connections: 0
[NX Daemon Server] - 2024-10-27T14:50:26.254Z - [WATCHER]: nx.json was modified
[NX Daemon Server] - 2024-10-27T14:50:26.254Z - [WATCHER]: Processing file changes in outputs
[NX Daemon Server] - 2024-10-27T14:50:26.355Z - [REQUEST]: Updated workspace context based on watched changes, recomputing project graph...
[NX Daemon Server] - 2024-10-27T14:50:26.356Z - [REQUEST]: nx.json
[NX Daemon Server] - 2024-10-27T14:50:26.356Z - [REQUEST]: 
[NX Daemon Server] - 2024-10-27T14:50:26.356Z - Time taken for 'hash changed files from watcher' 0.06820800000059535ms
[NX Daemon Server] - 2024-10-27T14:50:26.357Z - Time taken for 'build-project-configs' 0.7008750000004511ms
[NX Daemon Server] - 2024-10-27T14:50:26.358Z - [SYNC]: collect registered sync generators
[NX Daemon Server] - 2024-10-27T14:50:26.358Z - [SYNC]: project graph hash is the same, not collecting task sync generators
[NX Daemon Server] - 2024-10-27T14:50:26.358Z - [SYNC]: nx.json hash is the same, not collecting global sync generators
[NX Daemon Server] - 2024-10-27T14:50:26.358Z - Time taken for 'total execution time for createProjectGraph()' 0.6817909999990661ms
[NX Daemon Server] - 2024-10-27T14:50:29.672Z - [WATCHER]: nx.json was modified
[NX Daemon Server] - 2024-10-27T14:50:29.672Z - [WATCHER]: Processing file changes in outputs
[NX Daemon Server] - 2024-10-27T14:50:29.875Z - [REQUEST]: Updated workspace context based on watched changes, recomputing project graph...
[NX Daemon Server] - 2024-10-27T14:50:29.875Z - [REQUEST]: nx.json
[NX Daemon Server] - 2024-10-27T14:50:29.875Z - [REQUEST]: 
[NX Daemon Server] - 2024-10-27T14:50:29.877Z - Time taken for 'hash changed files from watcher' 0.2601669999967271ms
[NX Daemon Server] - 2024-10-27T14:50:29.880Z - Time taken for 'build-project-configs' 2.166666000000987ms
[NX Daemon Server] - 2024-10-27T14:50:29.884Z - [SYNC]: collect registered sync generators
[NX Daemon Server] - 2024-10-27T14:50:29.884Z - [SYNC]: project graph hash is the same, not collecting task sync generators
[NX Daemon Server] - 2024-10-27T14:50:29.884Z - [SYNC]: nx.json hash is the same, not collecting global sync generators
[NX Daemon Server] - 2024-10-27T14:50:29.884Z - Time taken for 'total execution time for createProjectGraph()' 1.842540999998164ms
[NX Daemon Server] - 2024-10-27T14:52:29.348Z - [WATCHER]: nx.json was modified
[NX Daemon Server] - 2024-10-27T14:52:29.349Z - [WATCHER]: Processing file changes in outputs
[NX Daemon Server] - 2024-10-27T14:52:29.752Z - [REQUEST]: Updated workspace context based on watched changes, recomputing project graph...
[NX Daemon Server] - 2024-10-27T14:52:29.753Z - [REQUEST]: nx.json
[NX Daemon Server] - 2024-10-27T14:52:29.753Z - [REQUEST]: 
[NX Daemon Server] - 2024-10-27T14:52:29.759Z - Time taken for 'hash changed files from watcher' 0.5085839999956079ms
[NX Daemon Server] - 2024-10-27T14:52:29.764Z - Time taken for 'build-project-configs' 6.825124999973923ms
[NX Daemon Server] - 2024-10-27T14:52:29.767Z - [SYNC]: collect registered sync generators
[NX Daemon Server] - 2024-10-27T14:52:29.767Z - [SYNC]: project graph hash is the same, not collecting task sync generators
[NX Daemon Server] - 2024-10-27T14:52:29.768Z - [SYNC]: nx.json hash is the same, not collecting global sync generators
[NX Daemon Server] - 2024-10-27T14:52:29.768Z - Time taken for 'total execution time for createProjectGraph()' 3.160875000001397ms
[NX Daemon Server] - 2024-10-27T14:52:33.780Z - [WATCHER]: Processing file changes in outputs
[NX Daemon Server] - 2024-10-27T14:52:33.781Z - [WATCHER]: nx.json was modified
[NX Daemon Server] - 2024-10-27T14:52:34.583Z - [REQUEST]: Updated workspace context based on watched changes, recomputing project graph...
[NX Daemon Server] - 2024-10-27T14:52:34.583Z - [REQUEST]: nx.json
[NX Daemon Server] - 2024-10-27T14:52:34.583Z - [REQUEST]: 
[NX Daemon Server] - 2024-10-27T14:52:34.584Z - Time taken for 'hash changed files from watcher' 0.07395900000119582ms
[NX Daemon Server] - 2024-10-27T14:52:34.585Z - Time taken for 'build-project-configs' 1.238374999986263ms
[NX Daemon Server] - 2024-10-27T14:52:34.587Z - [SYNC]: collect registered sync generators
[NX Daemon Server] - 2024-10-27T14:52:34.587Z - [SYNC]: project graph hash is the same, not collecting task sync generators
[NX Daemon Server] - 2024-10-27T14:52:34.587Z - [SYNC]: nx.json hash is the same, not collecting global sync generators
[NX Daemon Server] - 2024-10-27T14:52:34.587Z - Time taken for 'total execution time for createProjectGraph()' 1.0438330000033602ms
[NX Daemon Server] - 2024-10-27T14:52:37.698Z - [WATCHER]: package.json was modified
[NX Daemon Server] - 2024-10-27T14:52:37.699Z - [WATCHER]: Processing file changes in outputs
[NX Daemon Server] - 2024-10-27T14:52:39.301Z - [REQUEST]: Updated workspace context based on watched changes, recomputing project graph...
[NX Daemon Server] - 2024-10-27T14:52:39.301Z - [REQUEST]: package.json
[NX Daemon Server] - 2024-10-27T14:52:39.301Z - [REQUEST]: 
[NX Daemon Server] - 2024-10-27T14:52:39.302Z - Time taken for 'hash changed files from watcher' 0.14483299999847077ms
[NX Daemon Server] - 2024-10-27T14:52:39.303Z - Time taken for 'build-project-configs' 1.0871669999905862ms
[NX Daemon Server] - 2024-10-27T14:52:39.305Z - [SYNC]: collect registered sync generators
[NX Daemon Server] - 2024-10-27T14:52:39.305Z - [SYNC]: project graph hash is the same, not collecting task sync generators
[NX Daemon Server] - 2024-10-27T14:52:39.305Z - [SYNC]: nx.json hash is the same, not collecting global sync generators
[NX Daemon Server] - 2024-10-27T14:52:39.305Z - Time taken for 'total execution time for createProjectGraph()' 1.2415840000030585ms
[NX Daemon Server] - 2024-10-27T14:53:00.524Z - [WATCHER]: package.json was modified
[NX Daemon Server] - 2024-10-27T14:53:00.525Z - [WATCHER]: Processing file changes in outputs
[NX Daemon Server] - 2024-10-27T14:53:03.729Z - [REQUEST]: Updated workspace context based on watched changes, recomputing project graph...
[NX Daemon Server] - 2024-10-27T14:53:03.729Z - [REQUEST]: package.json
[NX Daemon Server] - 2024-10-27T14:53:03.729Z - [REQUEST]: 
[NX Daemon Server] - 2024-10-27T14:53:03.733Z - Time taken for 'hash changed files from watcher' 0.8991660000174306ms
[NX Daemon Server] - 2024-10-27T14:53:03.736Z - Time taken for 'build-project-configs' 2.2241250000079162ms
[NX Daemon Server] - 2024-10-27T14:53:03.738Z - [SYNC]: collect registered sync generators
[NX Daemon Server] - 2024-10-27T14:53:03.738Z - [SYNC]: project graph hash is the same, not collecting task sync generators
[NX Daemon Server] - 2024-10-27T14:53:03.738Z - [SYNC]: nx.json hash is the same, not collecting global sync generators
[NX Daemon Server] - 2024-10-27T14:53:03.738Z - Time taken for 'total execution time for createProjectGraph()' 1.661791999998968ms
[NX Daemon Server] - 2024-10-27T14:53:59.083Z - [WATCHER]: package.json was modified
[NX Daemon Server] - 2024-10-27T14:53:59.084Z - [WATCHER]: Processing file changes in outputs
[NX Daemon Server] - 2024-10-27T14:54:05.492Z - [REQUEST]: Updated workspace context based on watched changes, recomputing project graph...
[NX Daemon Server] - 2024-10-27T14:54:05.494Z - [REQUEST]: package.json
[NX Daemon Server] - 2024-10-27T14:54:05.494Z - [REQUEST]: 
[NX Daemon Server] - 2024-10-27T14:54:05.497Z - Time taken for 'hash changed files from watcher' 0.5682920000108425ms
[NX Daemon Server] - 2024-10-27T14:54:05.503Z - Time taken for 'build-project-configs' 6.268375000014203ms
[NX Daemon Server] - 2024-10-27T14:54:05.506Z - [SYNC]: collect registered sync generators
[NX Daemon Server] - 2024-10-27T14:54:05.507Z - [SYNC]: project graph hash is the same, not collecting task sync generators
[NX Daemon Server] - 2024-10-27T14:54:05.507Z - [SYNC]: nx.json hash is the same, not collecting global sync generators
[NX Daemon Server] - 2024-10-27T14:54:05.507Z - Time taken for 'total execution time for createProjectGraph()' 2.5312080000003334ms
[NX Daemon Server] - 2024-10-27T14:54:14.839Z - Established a connection. Number of open connections: 1
[NX Daemon Server] - 2024-10-27T14:54:14.839Z - Closed a connection. Number of open connections: 0
[NX Daemon Server] - 2024-10-27T14:54:14.839Z - Established a connection. Number of open connections: 1
[NX Daemon Server] - 2024-10-27T14:54:14.841Z - [REQUEST]: Client Request for Project Graph Received
[NX Daemon Server] - 2024-10-27T14:54:14.841Z - [REQUEST]: Responding to the client. project-graph
[NX Daemon Server] - 2024-10-27T14:54:14.841Z - Done responding to the client project-graph
[NX Daemon Server] - 2024-10-27T14:54:14.841Z - Handled REQUEST_PROJECT_GRAPH. Handling time: 0. Response time: 0.
[NX Daemon Server] - 2024-10-27T14:54:14.841Z - Time taken for 'total for creating and serializing project graph' 0.28712500000256114ms
[NX Daemon Server] - 2024-10-27T14:54:14.889Z - [REQUEST]: Responding to the client. handleHashTasks
[NX Daemon Server] - 2024-10-27T14:54:14.889Z - Done responding to the client handleHashTasks
[NX Daemon Server] - 2024-10-27T14:54:14.889Z - Handled HASH_TASKS. Handling time: 2. Response time: 0.
[NX Daemon Server] - 2024-10-27T14:54:15.191Z - Closed a connection. Number of open connections: 0
[NX Daemon Server] - 2024-10-27T14:54:15.560Z - [WATCHER]: _tmp_48073_71c12b09d3362cd328727bbdb737dff5 was deleted
[NX Daemon Server] - 2024-10-27T14:54:15.560Z - [WATCHER]: Processing file changes in outputs
[NX Daemon Server] - 2024-10-27T14:54:15.662Z - [REQUEST]: Updated workspace context based on watched changes, recomputing project graph...
[NX Daemon Server] - 2024-10-27T14:54:15.662Z - [REQUEST]: 
[NX Daemon Server] - 2024-10-27T14:54:15.662Z - [REQUEST]: _tmp_48073_71c12b09d3362cd328727bbdb737dff5
[NX Daemon Server] - 2024-10-27T14:54:15.663Z - Time taken for 'hash changed files from watcher' 0.03616700001293793ms
[NX Daemon Server] - 2024-10-27T14:54:15.663Z - Time taken for 'build-project-configs' 0.7001659999950789ms
[NX Daemon Server] - 2024-10-27T14:54:15.664Z - [SYNC]: collect registered sync generators
[NX Daemon Server] - 2024-10-27T14:54:15.664Z - [SYNC]: project graph hash is the same, not collecting task sync generators
[NX Daemon Server] - 2024-10-27T14:54:15.664Z - [SYNC]: nx.json hash is the same, not collecting global sync generators
[NX Daemon Server] - 2024-10-27T14:54:15.664Z - Time taken for 'total execution time for createProjectGraph()' 0.663457999995444ms
[NX Daemon Server] - 2024-10-27T14:54:45.029Z - [WATCHER]: Processing file changes in outputs
[NX Daemon Server] - 2024-10-27T14:54:45.039Z - [WATCHER]: Stopping the watcher for /Users/elias/Desktop/development/lamentis-frontend (sources)
[NX Daemon Server] - 2024-10-27T14:54:45.039Z - [WATCHER]: Stopping the watcher for /Users/elias/Desktop/development/lamentis-frontend (outputs)
[NX Daemon Server] - 2024-10-27T14:54:45.040Z - Server stopped because: "LOCK_FILES_CHANGED"
